Build started 10/27/2016 4:28:07 PM.
     1>Project "C:\Users\zac\Documents\Visual Studio 2013\Projects\HW3_1\HW3_1\HW3_1.vcxproj" on node 2 (Build target(s)).
     1>ClCompile:
         C:\Program Files (x86)\Microsoft Visual Studio 12.0\VC\bin\CL.exe /c /ZI /nologo /W3 /WX- /sdl /Od /Oy- /D _MBCS /Gm /EHsc /RTC1 /MDd /GS /fp:precise /Zc:wchar_t /Zc:forScope /Fo"Debug\\" /Fd"Debug\vc120.pdb" /Gd /TP /analyze- /errorReport:prompt Month.cpp Source.cpp
         Source.cpp
     1>c:\users\zac\documents\visual studio 2013\projects\hw3_1\hw3_1\month.h(5): error C2146: syntax error : missing ';' before identifier 'strMonth'
     1>c:\users\zac\documents\visual studio 2013\projects\hw3_1\hw3_1\month.h(5): error C4430: missing type specifier - int assumed. Note: C++ does not support default-int
     1>c:\users\zac\documents\visual studio 2013\projects\hw3_1\hw3_1\month.h(11): error C2460: 'Month::string' : uses 'Month', which is being defined
                 c:\users\zac\documents\visual studio 2013\projects\hw3_1\hw3_1\month.h(2) : see declaration of 'Month'
     1>c:\users\zac\documents\visual studio 2013\projects\hw3_1\hw3_1\month.h(14): error C2146: syntax error : missing ';' before identifier 'getStrMonth'
     1>c:\users\zac\documents\visual studio 2013\projects\hw3_1\hw3_1\month.h(14): error C4430: missing type specifier - int assumed. Note: C++ does not support default-int
     1>c:\users\zac\documents\visual studio 2013\projects\hw3_1\hw3_1\month.h(14): warning C4183: 'getStrMonth': missing return type; assumed to be a member function returning 'int'
     1>c:\users\zac\documents\visual studio 2013\projects\hw3_1\hw3_1\month.h(18): error C2061: syntax error : identifier 'string'
     1>c:\users\zac\documents\visual studio 2013\projects\hw3_1\hw3_1\source.cpp(15): error C2664: 'Month::Month(const Month &)' : cannot convert argument 1 from 'const char [4]' to 'int'
                 There is no context in which this conversion is possible
         Month.cpp
     1>c:\users\zac\documents\visual studio 2013\projects\hw3_1\hw3_1\month.h(5): error C2146: syntax error : missing ';' before identifier 'strMonth'
     1>c:\users\zac\documents\visual studio 2013\projects\hw3_1\hw3_1\month.h(5): error C4430: missing type specifier - int assumed. Note: C++ does not support default-int
     1>c:\users\zac\documents\visual studio 2013\projects\hw3_1\hw3_1\month.h(11): error C2460: 'Month::string' : uses 'Month', which is being defined
                 c:\users\zac\documents\visual studio 2013\projects\hw3_1\hw3_1\month.h(2) : see declaration of 'Month'
     1>c:\users\zac\documents\visual studio 2013\projects\hw3_1\hw3_1\month.h(14): error C2146: syntax error : missing ';' before identifier 'getStrMonth'
     1>c:\users\zac\documents\visual studio 2013\projects\hw3_1\hw3_1\month.h(14): error C4430: missing type specifier - int assumed. Note: C++ does not support default-int
     1>c:\users\zac\documents\visual studio 2013\projects\hw3_1\hw3_1\month.h(14): warning C4183: 'getStrMonth': missing return type; assumed to be a member function returning 'int'
     1>c:\users\zac\documents\visual studio 2013\projects\hw3_1\hw3_1\month.h(18): error C2061: syntax error : identifier 'string'
     1>c:\users\zac\documents\visual studio 2013\projects\hw3_1\hw3_1\month.cpp(7): error C2065: 'strMonth' : undeclared identifier
     1>c:\users\zac\documents\visual studio 2013\projects\hw3_1\hw3_1\month.cpp(13): error C2597: illegal reference to non-static member 'Month::string'
     1>c:\users\zac\documents\visual studio 2013\projects\hw3_1\hw3_1\month.cpp(13): error C2146: syntax error : missing ')' before identifier 'newStrMonth'
     1>c:\users\zac\documents\visual studio 2013\projects\hw3_1\hw3_1\month.cpp(13): error C2761: '{ctor}' : member function redeclaration not allowed
     1>c:\users\zac\documents\visual studio 2013\projects\hw3_1\hw3_1\month.cpp(13): error C2059: syntax error : ')'
     1>c:\users\zac\documents\visual studio 2013\projects\hw3_1\hw3_1\month.cpp(14): error C2143: syntax error : missing ';' before '{'
     1>c:\users\zac\documents\visual studio 2013\projects\hw3_1\hw3_1\month.cpp(14): error C2447: '{' : missing function header (old-style formal list?)
     1>c:\users\zac\documents\visual studio 2013\projects\hw3_1\hw3_1\month.cpp(19): error C2065: 'strMonth' : undeclared identifier
     1>c:\users\zac\documents\visual studio 2013\projects\hw3_1\hw3_1\month.cpp(20): error C2065: 'strMonth' : undeclared identifier
     1>c:\users\zac\documents\visual studio 2013\projects\hw3_1\hw3_1\month.cpp(21): error C2065: 'strMonth' : undeclared identifier
     1>c:\users\zac\documents\visual studio 2013\projects\hw3_1\hw3_1\month.cpp(22): error C2065: 'strMonth' : undeclared identifier
     1>c:\users\zac\documents\visual studio 2013\projects\hw3_1\hw3_1\month.cpp(23): error C2065: 'strMonth' : undeclared identifier
     1>c:\users\zac\documents\visual studio 2013\projects\hw3_1\hw3_1\month.cpp(24): error C2065: 'strMonth' : undeclared identifier
     1>c:\users\zac\documents\visual studio 2013\projects\hw3_1\hw3_1\month.cpp(25): error C2065: 'strMonth' : undeclared identifier
     1>c:\users\zac\documents\visual studio 2013\projects\hw3_1\hw3_1\month.cpp(26): error C2065: 'strMonth' : undeclared identifier
     1>c:\users\zac\documents\visual studio 2013\projects\hw3_1\hw3_1\month.cpp(27): error C2065: 'strMonth' : undeclared identifier
     1>c:\users\zac\documents\visual studio 2013\projects\hw3_1\hw3_1\month.cpp(28): error C2065: 'strMonth' : undeclared identifier
     1>c:\users\zac\documents\visual studio 2013\projects\hw3_1\hw3_1\month.cpp(29): error C2065: 'strMonth' : undeclared identifier
     1>c:\users\zac\documents\visual studio 2013\projects\hw3_1\hw3_1\month.cpp(30): error C2065: 'strMonth' : undeclared identifier
     1>c:\users\zac\documents\visual studio 2013\projects\hw3_1\hw3_1\month.cpp(33): error C2556: 'std::string Month::getStrMonth(void)' : overloaded function differs only by return type from 'int Month::getStrMonth(void)'
                 c:\users\zac\documents\visual studio 2013\projects\hw3_1\hw3_1\month.h(14) : see declaration of 'Month::getStrMonth'
     1>c:\users\zac\documents\visual studio 2013\projects\hw3_1\hw3_1\month.cpp(33): error C2371: 'Month::getStrMonth' : redefinition; different basic types
                 c:\users\zac\documents\visual studio 2013\projects\hw3_1\hw3_1\month.h(14) : see declaration of 'Month::getStrMonth'
     1>c:\users\zac\documents\visual studio 2013\projects\hw3_1\hw3_1\month.cpp(34): error C2065: 'strMonth' : undeclared identifier
     1>c:\users\zac\documents\visual studio 2013\projects\hw3_1\hw3_1\month.cpp(35): error C2065: 'strMonth' : undeclared identifier
     1>c:\users\zac\documents\visual studio 2013\projects\hw3_1\hw3_1\month.cpp(36): error C2065: 'strMonth' : undeclared identifier
     1>c:\users\zac\documents\visual studio 2013\projects\hw3_1\hw3_1\month.cpp(37): error C2065: 'strMonth' : undeclared identifier
     1>c:\users\zac\documents\visual studio 2013\projects\hw3_1\hw3_1\month.cpp(38): error C2065: 'strMonth' : undeclared identifier
     1>c:\users\zac\documents\visual studio 2013\projects\hw3_1\hw3_1\month.cpp(39): error C2065: 'strMonth' : undeclared identifier
     1>c:\users\zac\documents\visual studio 2013\projects\hw3_1\hw3_1\month.cpp(40): error C2065: 'strMonth' : undeclared identifier
     1>c:\users\zac\documents\visual studio 2013\projects\hw3_1\hw3_1\month.cpp(41): error C2065: 'strMonth' : undeclared identifier
     1>c:\users\zac\documents\visual studio 2013\projects\hw3_1\hw3_1\month.cpp(42): error C2065: 'strMonth' : undeclared identifier
     1>c:\users\zac\documents\visual studio 2013\projects\hw3_1\hw3_1\month.cpp(43): error C2065: 'strMonth' : undeclared identifier
     1>c:\users\zac\documents\visual studio 2013\projects\hw3_1\hw3_1\month.cpp(44): error C2065: 'strMonth' : undeclared identifier
     1>c:\users\zac\documents\visual studio 2013\projects\hw3_1\hw3_1\month.cpp(45): error C2065: 'strMonth' : undeclared identifier
     1>c:\users\zac\documents\visual studio 2013\projects\hw3_1\hw3_1\month.cpp(46): error C2065: 'strMonth' : undeclared identifier
     1>c:\users\zac\documents\visual studio 2013\projects\hw3_1\hw3_1\month.cpp(57): error C2597: illegal reference to non-static member 'Month::string'
     1>c:\users\zac\documents\visual studio 2013\projects\hw3_1\hw3_1\month.cpp(57): error C2146: syntax error : missing ')' before identifier 'thisStrMonth'
     1>c:\users\zac\documents\visual studio 2013\projects\hw3_1\hw3_1\month.cpp(57): error C2761: 'void Month::setStrMonth(void)' : member function redeclaration not allowed
     1>c:\users\zac\documents\visual studio 2013\projects\hw3_1\hw3_1\month.cpp(57): error C2059: syntax error : ')'
     1>c:\users\zac\documents\visual studio 2013\projects\hw3_1\hw3_1\month.cpp(57): error C2143: syntax error : missing ';' before '{'
     1>c:\users\zac\documents\visual studio 2013\projects\hw3_1\hw3_1\month.cpp(57): error C2447: '{' : missing function header (old-style formal list?)
     1>c:\users\zac\documents\visual studio 2013\projects\hw3_1\hw3_1\month.cpp(61): error C2065: 'strMonth' : undeclared identifier
         Generating Code...
     1>Done Building Project "C:\Users\zac\Documents\Visual Studio 2013\Projects\HW3_1\HW3_1\HW3_1.vcxproj" (Build target(s)) -- FAILED.

Build FAILED.

Time Elapsed 00:00:00.78
